<?xml version="1.0" encoding="UTF-8"?>
<testsuite name="com.example.patchtracker.PatchConfigurationTest" tests="11" skipped="0" failures="0" errors="0" timestamp="2026-02-16T16:17:15" hostname="chris-laptop" time="0.002">
  <properties/>
  <testcase name="AppSettings with U200 and 400 units has correct properties" classname="com.example.patchtracker.PatchConfigurationTest" time="0.0"/>
  <testcase name="initial deduction constant is 10 clicks" classname="com.example.patchtracker.PatchConfigurationTest" time="0.0"/>
  <testcase name="U100 with 200 units loaded has initial remaining of 180" classname="com.example.patchtracker.PatchConfigurationTest" time="0.0"/>
  <testcase name="U200 with 200 units loaded has initial remaining of 160" classname="com.example.patchtracker.PatchConfigurationTest" time="0.001"/>
  <testcase name="U100 max loaded units is 200" classname="com.example.patchtracker.PatchConfigurationTest" time="0.0"/>
  <testcase name="U200 with 400 units loaded has initial remaining of 360" classname="com.example.patchtracker.PatchConfigurationTest" time="0.0"/>
  <testcase name="U200 formula verification" classname="com.example.patchtracker.PatchConfigurationTest" time="0.0"/>
  <testcase name="U100 formula verification" classname="com.example.patchtracker.PatchConfigurationTest" time="0.0"/>
  <testcase name="U200 max loaded units is 400" classname="com.example.patchtracker.PatchConfigurationTest" time="0.0"/>
  <testcase name="AppSettings with U100 and 200 units has correct properties" classname="com.example.patchtracker.PatchConfigurationTest" time="0.0"/>
  <testcase name="U100 with 100 units loaded has initial remaining of 80" classname="com.example.patchtracker.PatchConfigurationTest" time="0.0"/>
  <system-out><![CDATA[]]></system-out>
  <system-err><![CDATA[]]></system-err>
</testsuite>
