<?xml version="1.0" encoding="UTF-8"?>
<testsuite name="com.example.patchtracker.AppSettingsTest" tests="7" skipped="0" failures="0" errors="0" timestamp="2026-02-16T16:17:15" hostname="chris-laptop" time="0.005">
  <properties/>
  <testcase name="U100 concentration calculates correct units per click" classname="com.example.patchtracker.AppSettingsTest" time="0.003"/>
  <testcase name="concentration formula is correct" classname="com.example.patchtracker.AppSettingsTest" time="0.0"/>
  <testcase name="U200 concentration calculates correct units per click" classname="com.example.patchtracker.AppSettingsTest" time="0.0"/>
  <testcase name="base units per click constant is correct" classname="com.example.patchtracker.AppSettingsTest" time="0.0"/>
  <testcase name="default settings have correct values" classname="com.example.patchtracker.AppSettingsTest" time="0.0"/>
  <testcase name="effectiveUnitsPerClick property works for U100" classname="com.example.patchtracker.AppSettingsTest" time="0.0"/>
  <testcase name="effectiveUnitsPerClick property works for U200" classname="com.example.patchtracker.AppSettingsTest" time="0.0"/>
  <system-out><![CDATA[]]></system-out>
  <system-err><![CDATA[]]></system-err>
</testsuite>
