<?xml version="1.0" encoding="UTF-8"?>
<testsuite name="com.example.patchtracker.ExampleUnitTest" tests="3" skipped="0" failures="0" errors="0" timestamp="2026-02-16T02:36:12" hostname="chris-laptop" time="0.031">
  <properties/>
  <testcase name="string_concatenation_works" classname="com.example.patchtracker.ExampleUnitTest" time="0.008"/>
  <testcase name="addition_isCorrect" classname="com.example.patchtracker.ExampleUnitTest" time="0.001"/>
  <testcase name="list_operations_work" classname="com.example.patchtracker.ExampleUnitTest" time="0.02"/>
  <system-out><![CDATA[]]></system-out>
  <system-err><![CDATA[]]></system-err>
</testsuite>
